<?xml version="1.0" encoding="UTF-8"?>
<!-- Generated by org.testng.reporters.JUnitReportReporter -->
<testsuite hostname="PDC2LAP-5297G38" name="testcases.VerifySignUpPageTest" tests="1" failures="0" timestamp="5 Oct 2016 13:45:02 GMT" time="133.924" errors="0">
  <testcase name="signUpwithValidEmail" time="133.924" classname="testcases.VerifySignUpPageTest"/>
</testsuite> <!-- testcases.VerifySignUpPageTest -->
